<?xml version="1.0" encoding="UTF-8"?>
<testng-results skipped="0" failed="0" ignored="0" total="1" passed="1">
  <reporter-output>
  </reporter-output>
  <suite name="Default suite" duration-ms="21413" started-at="2023-01-08T15:20:38 UTC" finished-at="2023-01-08T15:21:00 UTC">
    <groups>
      <group name="cucumber">
        <method signature="AbstractTestNGCucumberTests.runScenario(io.cucumber.testng.PickleEventWrapper, io.cucumber.testng.CucumberFeatureWrapper)[pri:0, instance:com.bdd.runners.LoginModuleRunner@42eca56e]" name="runScenario" class="io.cucumber.testng.AbstractTestNGCucumberTests"/>
      </group> <!-- cucumber -->
    </groups>
    <test name="Default test" duration-ms="21413" started-at="2023-01-08T15:20:38 UTC" finished-at="2023-01-08T15:21:00 UTC">
      <class name="com.bdd.runners.LoginModuleRunner">
        <test-method status="PASS" signature="setUpClass()[pri:0, instance:com.bdd.runners.LoginModuleRunner@42eca56e]" name="setUpClass" is-config="true" duration-ms="126" started-at="2023-01-08T15:20:38 UTC" finished-at="2023-01-08T15:20:38 UTC">
          <reporter-output>
          </reporter-output>
        </test-method> <!-- setUpClass -->
        <test-method status="PASS" signature="runScenario(io.cucumber.testng.PickleEventWrapper, io.cucumber.testng.CucumberFeatureWrapper)[pri:0, instance:com.bdd.runners.LoginModuleRunner@42eca56e]" name="runScenario" duration-ms="21210" started-at="2023-01-08T15:20:38 UTC" description="Runs Cucumber Scenarios" data-provider="scenarios" finished-at="2023-01-08T15:21:00 UTC">
          <params>
            <param index="0">
              <value>
                <![CDATA["Verify that login is working with correct credentials"]]>
              </value>
            </param>
            <param index="1">
              <value>
                <![CDATA["Login Module"]]>
              </value>
            </param>
          </params>
          <reporter-output>
          </reporter-output>
        </test-method> <!-- runScenario -->
        <test-method status="PASS" signature="tearDownClass()[pri:0, instance:com.bdd.runners.LoginModuleRunner@42eca56e]" name="tearDownClass" is-config="true" duration-ms="2" started-at="2023-01-08T15:21:00 UTC" finished-at="2023-01-08T15:21:00 UTC">
          <reporter-output>
          </reporter-output>
        </test-method> <!-- tearDownClass -->
      </class> <!-- com.bdd.runners.LoginModuleRunner -->
    </test> <!-- Default test -->
  </suite> <!-- Default suite -->
</testng-results>
